<?xml version="1.0" encoding="UTF-8"?>
<testng-results skipped="0" failed="0" ignored="0" total="1" passed="1">
  <reporter-output>
  </reporter-output>
  <suite name="Suite" duration-ms="8273" started-at="2022-07-12T20:50:10 IST" finished-at="2022-07-12T20:50:19 IST">
    <groups>
    </groups>
    <test name="Test" duration-ms="8273" started-at="2022-07-12T20:50:10 IST" finished-at="2022-07-12T20:50:19 IST">
      <class name="com.code1.FirstClass">
        <test-method status="PASS" signature="openUrl(java.lang.String)[pri:0, instance:com.code1.FirstClass@c46bcd4]" name="openUrl" duration-ms="8204" started-at="2022-07-12T20:50:10 IST" finished-at="2022-07-12T20:50:19 IST">
          <params>
            <param index="0">
              <value>
                <![CDATA[fire]]>
              </value>
            </param>
          </params>
          <reporter-output>
          </reporter-output>
        </test-method> <!-- openUrl -->
      </class> <!-- com.code1.FirstClass -->
    </test> <!-- Test -->
  </suite> <!-- Suite -->
</testng-results>
